[debug] [2026-06-21T14:58:04.397Z] ----------------------------------------------------------------------
[debug] [2026-06-21T14:58:04.400Z] Command:       /usr/local/bin/node /root/.npm/_npx/ba4f1959e38407b5/node_modules/.bin/firebase projects:list
[debug] [2026-06-21T14:58:04.400Z] CLI Version:   15.22.0
[debug] [2026-06-21T14:58:04.401Z] Platform:      linux
[debug] [2026-06-21T14:58:04.401Z] Node Version:  v22.22.3
[debug] [2026-06-21T14:58:04.401Z] Detected Agent: unknown
[debug] [2026-06-21T14:58:04.401Z] Time:          Sun Jun 21 2026 14:58:04 GMT+0000 (Coordinated Universal Time)
[debug] [2026-06-21T14:58:04.402Z] ----------------------------------------------------------------------
[debug] 
[debug] [2026-06-21T14:58:04.404Z] >>> [apiv2][query] GET https://firebase-public.firebaseio.com/cli.json [none]
[debug] [2026-06-21T14:58:04.430Z] > command requires scopes: ["email","openid","https://www.googleapis.com/auth/cloudplatformprojects.readonly","https://www.googleapis.com/auth/firebase","https://www.googleapis.com/auth/cloud-platform"]
[debug] [2026-06-21T14:58:04.491Z] Running auto auth
[debug] [2026-06-21T14:58:04.496Z] No OAuth tokens found
[debug] [2026-06-21T14:58:04.497Z] >>> [apiv2][query] GET https://firebase.googleapis.com/v1beta1/projects pageSize=1000
[debug] [2026-06-21T14:58:04.860Z] <<< [apiv2][status] GET https://firebase-public.firebaseio.com/cli.json 200
[debug] [2026-06-21T14:58:04.860Z] <<< [apiv2][body] GET https://firebase-public.firebaseio.com/cli.json {"cloudBuildErrorAfter":1594252800000,"cloudBuildWarnAfter":1590019200000,"defaultNode10After":1594252800000,"minVersion":"3.0.5","node8DeploysDisabledAfter":1613390400000,"node8RuntimeDisabledAfter":1615809600000,"node8WarnAfter":1600128000000}
[debug] [2026-06-21T14:58:04.971Z] <<< [apiv2][status] GET https://firebase.googleapis.com/v1beta1/projects 403
[debug] [2026-06-21T14:58:04.971Z] <<< [apiv2][body] GET https://firebase.googleapis.com/v1beta1/projects [omitted]
[debug] [2026-06-21T14:58:04.972Z] Request to https://firebase.googleapis.com/v1beta1/projects?pageSize=1000 had HTTP Error: 403, Firebase Management API has not been used in project 15338658283 before or it is disabled. Enable it by visiting https://console.developers.google.com/apis/api/firebase.googleapis.com/overview?project=15338658283 then retry. If you enabled this API recently, wait a few minutes for the action to propagate to our systems and retry.
[debug] [2026-06-21T14:58:04.973Z] FirebaseError: Request to https://firebase.googleapis.com/v1beta1/projects?pageSize=1000 had HTTP Error: 403, Firebase Management API has not been used in project 15338658283 before or it is disabled. Enable it by visiting https://console.developers.google.com/apis/api/firebase.googleapis.com/overview?project=15338658283 then retry. If you enabled this API recently, wait a few minutes for the action to propagate to our systems and retry.
    at responseToError (/root/.npm/_npx/ba4f1959e38407b5/node_modules/firebase-tools/lib/responseToError.js:53:12)
    at RetryOperation._fn (/root/.npm/_npx/ba4f1959e38407b5/node_modules/firebase-tools/lib/apiv2.js:333:77)
    at process.processTicksAndRejections (node:internal/process/task_queues:103:5)
[error] 
[error] Error: Failed to list Firebase projects. See firebase-debug.log for more info.
